<?xml version="1.0" encoding="UTF-8"?>
<!-- Generated by org.testng.reporters.JUnitReportReporter -->
<testsuite hostname="ADIL" name="com.assignment.testclass.HomePageTest" tests="5" failures="0" timestamp="11 Aug 2019 18:40:53 GMT" time="22.452" errors="0">
  <testcase name="verifyPriceOnSummaryPage" time="0.770" classname="com.assignment.testclass.HomePageTest"/>
  <testcase name="signIn" time="2.412" classname="com.assignment.testclass.HomePageTest"/>
  <testcase name="registerUser" time="7.333" classname="com.assignment.testclass.HomePageTest"/>
  <testcase name="addToCart" time="11.868" classname="com.assignment.testclass.HomePageTest"/>
  <testcase name="preRequisites" time="0.069" classname="com.assignment.testclass.HomePageTest"/>
</testsuite> <!-- com.assignment.testclass.HomePageTest -->
